  RayRenderer.cpp
C:\Users\nicol\source\repos\CppRaycaster\CppRaycaster\SimpleAI.h(11,37): warning C4305: 'initializing': truncation from 'double' to 'float'
  (compiling source file 'RayRenderer.cpp')
  
C:\Users\nicol\source\repos\CppRaycaster\CppRaycaster\SimpleAI.h(11,66): warning C4305: 'initializing': truncation from 'double' to 'float'
  (compiling source file 'RayRenderer.cpp')
  
C:\Users\nicol\source\repos\CppRaycaster\CppRaycaster\SimpleAI.h(11,71): warning C4305: 'initializing': truncation from 'double' to 'float'
  (compiling source file 'RayRenderer.cpp')
  
C:\Users\nicol\source\repos\CppRaycaster\CppRaycaster\SimpleAI.h(14,25): warning C4305: 'initializing': truncation from 'double' to 'float'
  (compiling source file 'RayRenderer.cpp')
  
C:\Program Files\Microsoft Visual Studio\2022\Community\VC\Tools\MSVC\14.41.34120\include\filesystem(12): warning STL4038: The contents of <filesystem> are available only with C++17 or later.
C:\Users\nicol\source\repos\CppRaycaster\CppRaycaster\RayRenderer.cpp(43,37): warning C4244: '=': conversion from 'int' to 'float', possible loss of data
C:\Users\nicol\source\repos\CppRaycaster\CppRaycaster\RayRenderer.cpp(64,16): warning C4244: 'argument': conversion from 'float' to 'int', possible loss of data
C:\Users\nicol\source\repos\CppRaycaster\CppRaycaster\RayRenderer.cpp(160,16): warning C4305: '=': truncation from 'double' to 'float'
C:\Users\nicol\source\repos\CppRaycaster\CppRaycaster\RayRenderer.cpp(161,16): warning C4305: '=': truncation from 'double' to 'float'
C:\Users\nicol\source\repos\CppRaycaster\CppRaycaster\RayRenderer.cpp(162,16): warning C4305: '=': truncation from 'double' to 'float'
C:\Users\nicol\source\repos\CppRaycaster\CppRaycaster\RayRenderer.cpp(163,16): warning C4305: '=': truncation from 'double' to 'float'
C:\Users\nicol\source\repos\CppRaycaster\CppRaycaster\RayRenderer.cpp(164,16): warning C4305: '=': truncation from 'double' to 'float'
C:\Users\nicol\source\repos\CppRaycaster\CppRaycaster\RayRenderer.cpp(165,16): warning C4305: '=': truncation from 'double' to 'float'
C:\Users\nicol\source\repos\CppRaycaster\CppRaycaster\RayRenderer.cpp(166,16): warning C4305: '=': truncation from 'double' to 'float'
C:\Users\nicol\source\repos\CppRaycaster\CppRaycaster\RayRenderer.cpp(167,16): warning C4305: '=': truncation from 'double' to 'float'
C:\Users\nicol\source\repos\CppRaycaster\CppRaycaster\RayRenderer.cpp(168,16): warning C4305: '=': truncation from 'double' to 'float'
C:\Users\nicol\source\repos\CppRaycaster\CppRaycaster\RayRenderer.cpp(169,16): warning C4305: '=': truncation from 'double' to 'float'
C:\Users\nicol\source\repos\CppRaycaster\CppRaycaster\RayRenderer.cpp(170,17): warning C4305: '=': truncation from 'double' to 'float'
C:\Users\nicol\source\repos\CppRaycaster\CppRaycaster\RayRenderer.cpp(171,17): warning C4305: '=': truncation from 'double' to 'float'
  Generating code
  1 of 1254 functions (<0.1%) were compiled, the rest were copied from previous compilation.
    0 functions were new in current compilation
    8 functions had inline decision re-evaluated but remain unchanged
  Finished generating code
  CppRaycaster.vcxproj -> C:\Users\nicol\source\repos\CppRaycaster\x64\Release\CppRaycaster.exe
